{"name": "To check the functionality of Complete Page", "status": "failed", "statusDetails": {"message": "AssertionError: invalid Home Page url\n", "trace": "  File \"C:\\Python39\\lib\\site-packages\\behave\\model.py\", line 1329, in run\n    match.run(runner.context)\n  File \"C:\\Python39\\lib\\site-packages\\behave\\matchers.py\", line 98, in run\n    self.func(context, *args, **kwargs)\n  File \"Feature\\steps\\StepDefination.py\", line 274, in step_impl\n    assert context.driver2.current_url==\"https://wowdare.xyz/en?utm_site_source=completed&utm_site_medium=createButtonEnglish&utm_site_campaign=userFriend\",\"invalid Home Page url\"\n"}, "steps": [{"name": "When User Friend Click On Create Your Quiz Button", "status": "passed", "start": 1634578835865, "stop": 1634578835985}, {"name": "Then User Friend Become User And Navigate To Home Page", "status": "failed", "statusDetails": {"message": "AssertionError: invalid Home Page url\n", "trace": "  File \"C:\\Python39\\lib\\site-packages\\behave\\model.py\", line 1329, in run\n    match.run(runner.context)\n  File \"C:\\Python39\\lib\\site-packages\\behave\\matchers.py\", line 98, in run\n    self.func(context, *args, **kwargs)\n  File \"Feature\\steps\\StepDefination.py\", line 274, in step_impl\n    assert context.driver2.current_url==\"https://wowdare.xyz/en?utm_site_source=completed&utm_site_medium=createButtonEnglish&utm_site_campaign=userFriend\",\"invalid Home Page url\"\n"}, "start": 1634578835985, "stop": 1634578836044}], "start": 1634578835862, "stop": 1634578836045, "uuid": "8ede4975-4aa6-4614-9b05-b6fb758e6ed4", "historyId": "d597327387c5dfc69ddbe90bf85a099a", "fullName": "Wowdare User Side End to End Functionality: To check the functionality of Complete Page", "labels": [{"name": "severity", "value": "normal"}, {"name": "tag", "value": "Complete_page"}, {"name": "feature", "value": "Wowdare User Side End to End Functionality"}, {"name": "framework", "value": "behave"}, {"name": "language", "value": "cpython3"}]}